Flow report for Painter
Thu May 12 12:37:02 2016
Quartus Prime Version 15.1.2 Build 193 02/01/2016 SJ Lite Edition


---------------------
; Table of Contents ;
---------------------
  1. Legal Notice
  2. Flow Summary
  3. Flow Settings
  4. Flow Non-Default Global Settings
  5. Flow Elapsed Time
  6. Flow OS Summary
  7. Flow Log
  8. Flow Messages
  9. Flow Suppressed Messages



----------------
; Legal Notice ;
----------------
Copyright (C) 1991-2016 Altera Corporation. All rights reserved.
Your use of Altera Corporation's design tools, logic functions 
and other software and tools, and its AMPP partner logic 
functions, and any output files from any of the foregoing 
(including device programming or simulation files), and any 
associated documentation or information are expressly subject 
to the terms and conditions of the Altera Program License 
Subscription Agreement, the Altera Quartus Prime License Agreement,
the Altera MegaCore Function License Agreement, or other 
applicable license agreement, including, without limitation, 
that your use is for the sole purpose of programming logic 
devices manufactured by Altera and sold by Altera or its 
authorized distributors.  Please refer to the applicable 
agreement for further details.



+----------------------------------------------------------------------------------+
; Flow Summary                                                                     ;
+------------------------------------+---------------------------------------------+
; Flow Status                        ; Successful - Thu May 12 12:36:41 2016       ;
; Quartus Prime Version              ; 15.1.2 Build 193 02/01/2016 SJ Lite Edition ;
; Revision Name                      ; Painter                                     ;
; Top-level Entity Name              ; Painter                                     ;
; Family                             ; Cyclone IV E                                ;
; Device                             ; EP4CE115F29C7                               ;
; Timing Models                      ; Final                                       ;
; Total logic elements               ; 9,916 / 114,480 ( 9 % )                     ;
;     Total combinational functions  ; 8,218 / 114,480 ( 7 % )                     ;
;     Dedicated logic registers      ; 6,735 / 114,480 ( 6 % )                     ;
; Total registers                    ; 6854                                        ;
; Total pins                         ; 437 / 529 ( 83 % )                          ;
; Total virtual pins                 ; 0                                           ;
; Total memory bits                  ; 125,504 / 3,981,312 ( 3 % )                 ;
; Embedded Multiplier 9-bit elements ; 6 / 532 ( 1 % )                             ;
; Total PLLs                         ; 3 / 4 ( 75 % )                              ;
+------------------------------------+---------------------------------------------+


+-----------------------------------------+
; Flow Settings                           ;
+-------------------+---------------------+
; Option            ; Setting             ;
+-------------------+---------------------+
; Start date & time ; 05/12/2016 12:30:18 ;
; Main task         ; Compilation         ;
; Revision Name     ; Painter             ;
+-------------------+---------------------+


+--------------------------------------------------------------------------------------------------------------------------------------------------+
; Flow Non-Default Global Settings                                                                                                                 ;
+-------------------------------------+----------------------------------------------------------------+---------------+--------------+------------+
; Assignment Name                     ; Value                                                          ; Default Value ; Entity Name  ; Section Id ;
+-------------------------------------+----------------------------------------------------------------+---------------+--------------+------------+
; COMPILER_SIGNATURE_ID               ; 251604515521643.146304901704708                                ; --            ; --           ; --         ;
; ENABLE_SIGNALTAP                    ; Off                                                            ; --            ; --           ; --         ;
; FITTER_EFFORT                       ; Standard Fit                                                   ; Auto Fit      ; --           ; --         ;
; MAX_CORE_JUNCTION_TEMP              ; 85                                                             ; --            ; --           ; --         ;
; MIN_CORE_JUNCTION_TEMP              ; 0                                                              ; --            ; --           ; --         ;
; MISC_FILE                           ; DE2_115_SOPC/synthesis/../DE2_115_SOPC.cmp                     ; --            ; --           ; --         ;
; MISC_FILE                           ; DE2_115_SOPC/synthesis/../../DE2_115_SOPC.qsys                 ; --            ; --           ; --         ;
; MISC_FILE                           ; vga_pll_bb.v                                                   ; --            ; --           ; --         ;
; MISC_FILE                           ; vga_pll.ppf                                                    ; --            ; --           ; --         ;
; PARTITION_COLOR                     ; 16764057                                                       ; --            ; --           ; Top        ;
; PARTITION_FITTER_PRESERVATION_LEVEL ; PLACEMENT_AND_ROUTING                                          ; --            ; --           ; Top        ;
; PARTITION_NETLIST_TYPE              ; SOURCE                                                         ; --            ; --           ; Top        ;
; POWER_BOARD_THERMAL_MODEL           ; None (CONSERVATIVE)                                            ; --            ; --           ; --         ;
; POWER_PRESET_COOLING_SOLUTION       ; 23 MM HEAT SINK WITH 200 LFPM AIRFLOW                          ; --            ; --           ; --         ;
; SLD_FILE                            ; DE2_115_SOPC/synthesis/DE2_115_SOPC.regmap                     ; --            ; --           ; --         ;
; SLD_FILE                            ; DE2_115_SOPC/synthesis/DE2_115_SOPC.debuginfo                  ; --            ; --           ; --         ;
; SLD_INFO                            ; QSYS_NAME DE2_115_SOPC HAS_SOPCINFO 1 GENERATION_ID 1463048366 ; --            ; DE2_115_SOPC ; --         ;
; SOPCINFO_FILE                       ; DE2_115_SOPC/synthesis/../../DE2_115_SOPC.sopcinfo             ; --            ; --           ; --         ;
; SYNTHESIS_ONLY_QIP                  ; On                                                             ; --            ; --           ; --         ;
; USE_SIGNALTAP_FILE                  ; stp2.stp                                                       ; --            ; --           ; --         ;
+-------------------------------------+----------------------------------------------------------------+---------------+--------------+------------+


+-------------------------------------------------------------------------------------------------------------------------------+
; Flow Elapsed Time                                                                                                             ;
+---------------------------+--------------+-------------------------+---------------------+------------------------------------+
; Module Name               ; Elapsed Time ; Average Processors Used ; Peak Virtual Memory ; Total CPU Time (on all processors) ;
+---------------------------+--------------+-------------------------+---------------------+------------------------------------+
; Analysis & Synthesis      ; 00:02:28     ; 1.0                     ; 1233 MB             ; 00:03:20                           ;
; Fitter                    ; 00:03:28     ; 1.0                     ; 1703 MB             ; 00:04:41                           ;
; Assembler                 ; 00:00:09     ; 1.0                     ; 807 MB              ; 00:00:09                           ;
; TimeQuest Timing Analyzer ; 00:00:19     ; 1.3                     ; 1052 MB             ; 00:00:19                           ;
; Total                     ; 00:06:24     ; --                      ; --                  ; 00:08:29                           ;
+---------------------------+--------------+-------------------------+---------------------+------------------------------------+


+----------------------------------------------------------------------------------------+
; Flow OS Summary                                                                        ;
+---------------------------+------------------+-----------+------------+----------------+
; Module Name               ; Machine Hostname ; OS Name   ; OS Version ; Processor type ;
+---------------------------+------------------+-----------+------------+----------------+
; Analysis & Synthesis      ; DANNY-LAPTOP     ; Windows 8 ; 6.2        ; x86_64         ;
; Fitter                    ; DANNY-LAPTOP     ; Windows 8 ; 6.2        ; x86_64         ;
; Assembler                 ; DANNY-LAPTOP     ; Windows 8 ; 6.2        ; x86_64         ;
; TimeQuest Timing Analyzer ; DANNY-LAPTOP     ; Windows 8 ; 6.2        ; x86_64         ;
+---------------------------+------------------+-----------+------------+----------------+


------------
; Flow Log ;
------------
quartus_map --read_settings_files=on --write_settings_files=off Painter -c Painter
quartus_fit --read_settings_files=off --write_settings_files=off Painter -c Painter
quartus_asm --read_settings_files=off --write_settings_files=off Painter -c Painter
quartus_sta Painter -c Painter



